<?xml version="1.0" encoding="UTF-8"?>
<!-- Generated by org.testng.reporters.JUnitXMLReporter -->
<testsuite hostname="DESKTOP-K6D606K" name="Default test" tests="5" failures="0" timestamp="15 Jul 2018 22:16:47 GMT" time="108.355" errors="0">
  <testcase name="ForgotPassword" time="4.003" classname="Project.LoginPageTest"/>
  <testcase name="LoginButton" time="5.558" classname="Project.LoginPageTest"/>
  <testcase name="LoginDetails" time="13.695" classname="Project.LoginPageTest"/>
  <testcase name="LoginDetails" time="3.88" classname="Project.LoginPageTest"/>
  <testcase name="SendInstructions" time="3.24" classname="Project.LoginPageTest"/>
</testsuite> <!-- Default test -->
