<?xml version="1.0" encoding="UTF-8"?>
<!-- Generated by org.testng.reporters.JUnitXMLReporter -->
<testsuite hostname="DESKTOP-K6D606K" name="SignUp Tests" tests="5" failures="0" timestamp="6 Aug 2018 00:25:17 GMT" time="186.024" errors="0">
  <testcase name="SignUpTest" time="23.706" classname="Project.SignUpPageTest"/>
  <testcase name="SignUpTest" time="43.457" classname="Project.SignUpPageTest"/>
  <testcase name="SignUpTest" time="42.516" classname="Project.SignUpPageTest"/>
  <testcase name="SignUpTest" time="42.772" classname="Project.SignUpPageTest"/>
  <testcase name="TitleTextValidation" time="0.189" classname="Project.SignUpPageTest"/>
</testsuite> <!-- SignUp Tests -->
